# JRE version: Java(TM) SE Runtime Environment (8.0_221-b11) (build 1.8.0_221-b11)
# Java VM: Java HotSpot(TM) 64-Bit Server VM (25.221-b11 mixed mode windows-amd64 compressed oops)
Heap:
 PSYoungGen      total 194048K, used 171242K [0x00000000d5b00000, 0x00000000e4180000, 0x0000000100000000)
  eden space 176640K, 96% used [0x00000000d5b00000,0x00000000e023aa18,0x00000000e0780000)
  from space 17408K, 0% used [0x00000000e1800000,0x00000000e1800000,0x00000000e2900000)
  to   space 16896K, 0% used [0x00000000e0780000,0x00000000e0780000,0x00000000e1800000)
 ParOldGen       total 119296K, used 22849K [0x0000000081000000, 0x0000000088480000, 0x00000000d5b00000)
  object space 119296K, 19% used [0x0000000081000000,0x0000000082650500,0x0000000088480000)
 Metaspace       used 69798K, capacity 72622K, committed 72880K, reserved 1112064K
  class space    used 9417K, capacity 9883K, committed 9904K, reserved 1048576K
GC Heap History (10 events):
Event: 2.154 GC heap before
{Heap before GC invocations=9 (full 2):
 PSYoungGen      total 115200K, used 11255K [0x00000000d5b00000, 0x00000000e1180000, 0x0000000100000000)
  eden space 103936K, 0% used [0x00000000d5b00000,0x00000000d5b00000,0x00000000dc080000)
  from space 11264K, 99% used [0x00000000dc080000,0x00000000dcb7dc90,0x00000000dcb80000)
  to   space 13312K, 0% used [0x00000000e0480000,0x00000000e0480000,0x00000000e1180000)
 ParOldGen       total 55808K, used 8117K [0x0000000081000000, 0x0000000084680000, 0x00000000d5b00000)
  object space 55808K, 14% used [0x0000000081000000,0x00000000817ed730,0x0000000084680000)
 Metaspace       used 33827K, capacity 35388K, committed 35496K, reserved 1081344K
  class space    used 4348K, capacity 4648K, committed 4656K, reserved 1048576K
Event: 2.203 GC heap after
Heap after GC invocations=9 (full 2):
 PSYoungGen      total 115200K, used 0K [0x00000000d5b00000, 0x00000000e1180000, 0x0000000100000000)
  eden space 103936K, 0% used [0x00000000d5b00000,0x00000000d5b00000,0x00000000dc080000)
  from space 11264K, 0% used [0x00000000dc080000,0x00000000dc080000,0x00000000dcb80000)
  to   space 13312K, 0% used [0x00000000e0480000,0x00000000e0480000,0x00000000e1180000)
 ParOldGen       total 91136K, used 16432K [0x0000000081000000, 0x0000000086900000, 0x00000000d5b00000)
  object space 91136K, 18% used [0x0000000081000000,0x000000008200c338,0x0000000086900000)
 Metaspace       used 33827K, capacity 35388K, committed 35496K, reserved 1081344K
  class space    used 4348K, capacity 4648K, committed 4656K, reserved 1048576K
}
Event: 5.172 GC heap before
{Heap before GC invocations=10 (full 2):
 PSYoungGen      total 115200K, used 103936K [0x00000000d5b00000, 0x00000000e1180000, 0x0000000100000000)
  eden space 103936K, 100% used [0x00000000d5b00000,0x00000000dc080000,0x00000000dc080000)
  from space 11264K, 0% used [0x00000000dc080000,0x00000000dc080000,0x00000000dcb80000)
  to   space 13312K, 0% used [0x00000000e0480000,0x00000000e0480000,0x00000000e1180000)
 ParOldGen       total 91136K, used 16432K [0x0000000081000000, 0x0000000086900000, 0x00000000d5b00000)
  object space 91136K, 18% used [0x0000000081000000,0x000000008200c338,0x0000000086900000)
 Metaspace       used 47022K, capacity 48668K, committed 49200K, reserved 1091584K
  class space    used 6276K, capacity 6580K, committed 6704K, reserved 1048576K
Event: 5.183 GC heap after
Heap after GC invocations=10 (full 2):
 PSYoungGen      total 158720K, used 13110K [0x00000000d5b00000, 0x00000000e1180000, 0x0000000100000000)
  eden space 145408K, 0% used [0x00000000d5b00000,0x00000000d5b00000,0x00000000de900000)
  from space 13312K, 98% used [0x00000000e0480000,0x00000000e114d888,0x00000000e1180000)
  to   space 14848K, 0% used [0x00000000df480000,0x00000000df480000,0x00000000e0300000)
 ParOldGen       total 91136K, used 16440K [0x0000000081000000, 0x0000000086900000, 0x00000000d5b00000)
  object space 91136K, 18% used [0x0000000081000000,0x000000008200e338,0x0000000086900000)
 Metaspace       used 47022K, capacity 48668K, committed 49200K, reserved 1091584K
  class space    used 6276K, capacity 6580K, committed 6704K, reserved 1048576K
}
Event: 7.480 GC heap before
{Heap before GC invocations=11 (full 2):
 PSYoungGen      total 158720K, used 158518K [0x00000000d5b00000, 0x00000000e1180000, 0x0000000100000000)
  eden space 145408K, 100% used [0x00000000d5b00000,0x00000000de900000,0x00000000de900000)
  from space 13312K, 98% used [0x00000000e0480000,0x00000000e114d888,0x00000000e1180000)
  to   space 14848K, 0% used [0x00000000df480000,0x00000000df480000,0x00000000e0300000)
 ParOldGen       total 91136K, used 16440K [0x0000000081000000, 0x0000000086900000, 0x00000000d5b00000)
  object space 91136K, 18% used [0x0000000081000000,0x000000008200e338,0x0000000086900000)
 Metaspace       used 56146K, capacity 58040K, committed 58416K, reserved 1099776K
  class space    used 7599K, capacity 7936K, committed 7984K, reserved 1048576K
Event: 7.491 GC heap after
Heap after GC invocations=11 (full 2):
 PSYoungGen      total 172032K, used 14829K [0x00000000d5b00000, 0x00000000e2900000, 0x0000000100000000)
  eden space 157184K, 0% used [0x00000000d5b00000,0x00000000d5b00000,0x00000000df480000)
  from space 14848K, 99% used [0x00000000df480000,0x00000000e02fb6e0,0x00000000e0300000)
  to   space 17408K, 0% used [0x00000000e1800000,0x00000000e1800000,0x00000000e2900000)
 ParOldGen       total 91136K, used 17082K [0x0000000081000000, 0x0000000086900000, 0x00000000d5b00000)
  object space 91136K, 18% used [0x0000000081000000,0x00000000820ae9a0,0x0000000086900000)
 Metaspace       used 56146K, capacity 58040K, committed 58416K, reserved 1099776K
  class space    used 7599K, capacity 7936K, committed 7984K, reserved 1048576K
}
Event: 7.601 GC heap before
{Heap before GC invocations=12 (full 2):
 PSYoungGen      total 172032K, used 34156K [0x00000000d5b00000, 0x00000000e2900000, 0x0000000100000000)
  eden space 157184K, 12% used [0x00000000d5b00000,0x00000000d6ddf9b8,0x00000000df480000)
  from space 14848K, 99% used [0x00000000df480000,0x00000000e02fb6e0,0x00000000e0300000)
  to   space 17408K, 0% used [0x00000000e1800000,0x00000000e1800000,0x00000000e2900000)
 ParOldGen       total 91136K, used 17082K [0x0000000081000000, 0x0000000086900000, 0x00000000d5b00000)
  object space 91136K, 18% used [0x0000000081000000,0x00000000820ae9a0,0x0000000086900000)
 Metaspace       used 57117K, capacity 59004K, committed 59160K, reserved 1099776K
  class space    used 7709K, capacity 8080K, committed 8112K, reserved 1048576K
Event: 7.608 GC heap after
Heap after GC invocations=12 (full 2):
 PSYoungGen      total 194048K, used 10059K [0x00000000d5b00000, 0x00000000e4180000, 0x0000000100000000)
  eden space 176640K, 0% used [0x00000000d5b00000,0x00000000d5b00000,0x00000000e0780000)
  from space 17408K, 57% used [0x00000000e1800000,0x00000000e21d2cc8,0x00000000e2900000)
  to   space 16896K, 0% used [0x00000000e0780000,0x00000000e0780000,0x00000000e1800000)
 ParOldGen       total 91136K, used 17090K [0x0000000081000000, 0x0000000086900000, 0x00000000d5b00000)
  object space 91136K, 18% used [0x0000000081000000,0x00000000820b09a0,0x0000000086900000)
 Metaspace       used 57117K, capacity 59004K, committed 59160K, reserved 1099776K
  class space    used 7709K, capacity 8080K, committed 8112K, reserved 1048576K
}
Event: 7.608 GC heap before
{Heap before GC invocations=13 (full 3):
 PSYoungGen      total 194048K, used 10059K [0x00000000d5b00000, 0x00000000e4180000, 0x0000000100000000)
  eden space 176640K, 0% used [0x00000000d5b00000,0x00000000d5b00000,0x00000000e0780000)
  from space 17408K, 57% used [0x00000000e1800000,0x00000000e21d2cc8,0x00000000e2900000)
  to   space 16896K, 0% used [0x00000000e0780000,0x00000000e0780000,0x00000000e1800000)
 ParOldGen       total 91136K, used 17090K [0x0000000081000000, 0x0000000086900000, 0x00000000d5b00000)
  object space 91136K, 18% used [0x0000000081000000,0x00000000820b09a0,0x0000000086900000)
 Metaspace       used 57117K, capacity 59004K, committed 59160K, reserved 1099776K
  class space    used 7709K, capacity 8080K, committed 8112K, reserved 1048576K
Event: 7.718 GC heap after
Heap after GC invocations=13 (full 3):
 PSYoungGen      total 194048K, used 0K [0x00000000d5b00000, 0x00000000e4180000, 0x0000000100000000)
  eden space 176640K, 0% used [0x00000000d5b00000,0x00000000d5b00000,0x00000000e0780000)
  from space 17408K, 0% used [0x00000000e1800000,0x00000000e1800000,0x00000000e2900000)
  to   space 16896K, 0% used [0x00000000e0780000,0x00000000e0780000,0x00000000e1800000)
 ParOldGen       total 119296K, used 22849K [0x0000000081000000, 0x0000000088480000, 0x00000000d5b00000)
  object space 119296K, 19% used [0x0000000081000000,0x0000000082650500,0x0000000088480000)
 Metaspace       used 57117K, capacity 59004K, committed 59160K, reserved 1099776K
  class space    used 7709K, capacity 8080K, committed 8112K, reserved 1048576K
}

