# JRE version: Java(TM) SE Runtime Environment (8.0_221-b11) (build 1.8.0_221-b11)
# Java VM: Java HotSpot(TM) 64-Bit Server VM (25.221-b11 mixed mode windows-amd64 compressed oops)
Heap:
 PSYoungGen      total 71680K, used 5105K [0x00000000d5b00000, 0x00000000dee00000, 0x0000000100000000)
  eden space 66560K, 0% used [0x00000000d5b00000,0x00000000d5b00000,0x00000000d9c00000)
  from space 5120K, 99% used [0x00000000d9c00000,0x00000000da0fc560,0x00000000da100000)
  to   space 8704K, 0% used [0x00000000de580000,0x00000000de580000,0x00000000dee00000)
 ParOldGen       total 87552K, used 7198K [0x0000000081000000, 0x0000000086580000, 0x00000000d5b00000)
  object space 87552K, 8% used [0x0000000081000000,0x0000000081707888,0x0000000086580000)
 Metaspace       used 20692K, capacity 21214K, committed 21296K, reserved 1067008K
  class space    used 2670K, capacity 2821K, committed 2864K, reserved 1048576K
GC Heap History (10 events):
Event: 0.523 GC heap after
Heap after GC invocations=1 (full 0):
 PSYoungGen      total 38400K, used 5100K [0x00000000d5b00000, 0x00000000d8580000, 0x0000000100000000)
  eden space 33280K, 0% used [0x00000000d5b00000,0x00000000d5b00000,0x00000000d7b80000)
  from space 5120K, 99% used [0x00000000d7b80000,0x00000000d807b178,0x00000000d8080000)
  to   space 5120K, 0% used [0x00000000d8080000,0x00000000d8080000,0x00000000d8580000)
 ParOldGen       total 87552K, used 603K [0x0000000081000000, 0x0000000086580000, 0x00000000d5b00000)
  object space 87552K, 0% used [0x0000000081000000,0x0000000081096c50,0x0000000086580000)
 Metaspace       used 10864K, capacity 11246K, committed 11520K, reserved 1058816K
  class space    used 1306K, capacity 1421K, committed 1536K, reserved 1048576K
}
Event: 0.657 GC heap before
{Heap before GC invocations=2 (full 0):
 PSYoungGen      total 38400K, used 38380K [0x00000000d5b00000, 0x00000000d8580000, 0x0000000100000000)
  eden space 33280K, 100% used [0x00000000d5b00000,0x00000000d7b80000,0x00000000d7b80000)
  from space 5120K, 99% used [0x00000000d7b80000,0x00000000d807b178,0x00000000d8080000)
  to   space 5120K, 0% used [0x00000000d8080000,0x00000000d8080000,0x00000000d8580000)
 ParOldGen       total 87552K, used 603K [0x0000000081000000, 0x0000000086580000, 0x00000000d5b00000)
  object space 87552K, 0% used [0x0000000081000000,0x0000000081096c50,0x0000000086580000)
 Metaspace       used 14451K, capacity 14872K, committed 15104K, reserved 1062912K
  class space    used 1918K, capacity 2038K, committed 2048K, reserved 1048576K
Event: 0.662 GC heap after
Heap after GC invocations=2 (full 0):
 PSYoungGen      total 38400K, used 5095K [0x00000000d5b00000, 0x00000000da600000, 0x0000000100000000)
  eden space 33280K, 0% used [0x00000000d5b00000,0x00000000d5b00000,0x00000000d7b80000)
  from space 5120K, 99% used [0x00000000d8080000,0x00000000d8579e08,0x00000000d8580000)
  to   space 5120K, 0% used [0x00000000d7b80000,0x00000000d7b80000,0x00000000d8080000)
 ParOldGen       total 87552K, used 1969K [0x0000000081000000, 0x0000000086580000, 0x00000000d5b00000)
  object space 87552K, 2% used [0x0000000081000000,0x00000000811ec7f8,0x0000000086580000)
 Metaspace       used 14451K, capacity 14872K, committed 15104K, reserved 1062912K
  class space    used 1918K, capacity 2038K, committed 2048K, reserved 1048576K
}
Event: 0.796 GC heap before
{Heap before GC invocations=3 (full 0):
 PSYoungGen      total 38400K, used 38375K [0x00000000d5b00000, 0x00000000da600000, 0x0000000100000000)
  eden space 33280K, 100% used [0x00000000d5b00000,0x00000000d7b80000,0x00000000d7b80000)
  from space 5120K, 99% used [0x00000000d8080000,0x00000000d8579e08,0x00000000d8580000)
  to   space 5120K, 0% used [0x00000000d7b80000,0x00000000d7b80000,0x00000000d8080000)
 ParOldGen       total 87552K, used 1969K [0x0000000081000000, 0x0000000086580000, 0x00000000d5b00000)
  object space 87552K, 2% used [0x0000000081000000,0x00000000811ec7f8,0x0000000086580000)
 Metaspace       used 19337K, capacity 19916K, committed 20096K, reserved 1067008K
  class space    used 2478K, capacity 2624K, committed 2688K, reserved 1048576K
Event: 0.802 GC heap after
Heap after GC invocations=3 (full 0):
 PSYoungGen      total 38400K, used 5095K [0x00000000d5b00000, 0x00000000da600000, 0x0000000100000000)
  eden space 33280K, 0% used [0x00000000d5b00000,0x00000000d5b00000,0x00000000d7b80000)
  from space 5120K, 99% used [0x00000000d7b80000,0x00000000d8079e18,0x00000000d8080000)
  to   space 5120K, 0% used [0x00000000da100000,0x00000000da100000,0x00000000da600000)
 ParOldGen       total 87552K, used 5507K [0x0000000081000000, 0x0000000086580000, 0x00000000d5b00000)
  object space 87552K, 6% used [0x0000000081000000,0x0000000081560c70,0x0000000086580000)
 Metaspace       used 19337K, capacity 19916K, committed 20096K, reserved 1067008K
  class space    used 2478K, capacity 2624K, committed 2688K, reserved 1048576K
}
Event: 0.850 GC heap before
{Heap before GC invocations=4 (full 0):
 PSYoungGen      total 38400K, used 38368K [0x00000000d5b00000, 0x00000000da600000, 0x0000000100000000)
  eden space 33280K, 99% used [0x00000000d5b00000,0x00000000d7b7e3f0,0x00000000d7b80000)
  from space 5120K, 99% used [0x00000000d7b80000,0x00000000d8079e18,0x00000000d8080000)
  to   space 5120K, 0% used [0x00000000da100000,0x00000000da100000,0x00000000da600000)
 ParOldGen       total 87552K, used 5507K [0x0000000081000000, 0x0000000086580000, 0x00000000d5b00000)
  object space 87552K, 6% used [0x0000000081000000,0x0000000081560c70,0x0000000086580000)
 Metaspace       used 20535K, capacity 21086K, committed 21296K, reserved 1067008K
  class space    used 2656K, capacity 2821K, committed 2864K, reserved 1048576K
Event: 0.855 GC heap after
Heap after GC invocations=4 (full 0):
 PSYoungGen      total 71680K, used 5106K [0x00000000d5b00000, 0x00000000da600000, 0x0000000100000000)
  eden space 66560K, 0% used [0x00000000d5b00000,0x00000000d5b00000,0x00000000d9c00000)
  from space 5120K, 99% used [0x00000000da100000,0x00000000da5fcb88,0x00000000da600000)
  to   space 5120K, 0% used [0x00000000d9c00000,0x00000000d9c00000,0x00000000da100000)
 ParOldGen       total 87552K, used 6936K [0x0000000081000000, 0x0000000086580000, 0x00000000d5b00000)
  object space 87552K, 7% used [0x0000000081000000,0x00000000816c60c0,0x0000000086580000)
 Metaspace       used 20535K, capacity 21086K, committed 21296K, reserved 1067008K
  class space    used 2656K, capacity 2821K, committed 2864K, reserved 1048576K
}
Event: 0.860 GC heap before
{Heap before GC invocations=5 (full 0):
 PSYoungGen      total 71680K, used 19792K [0x00000000d5b00000, 0x00000000da600000, 0x0000000100000000)
  eden space 66560K, 22% used [0x00000000d5b00000,0x00000000d6957638,0x00000000d9c00000)
  from space 5120K, 99% used [0x00000000da100000,0x00000000da5fcb88,0x00000000da600000)
  to   space 5120K, 0% used [0x00000000d9c00000,0x00000000d9c00000,0x00000000da100000)
 ParOldGen       total 87552K, used 6936K [0x0000000081000000, 0x0000000086580000, 0x00000000d5b00000)
  object space 87552K, 7% used [0x0000000081000000,0x00000000816c60c0,0x0000000086580000)
 Metaspace       used 20692K, capacity 21214K, committed 21296K, reserved 1067008K
  class space    used 2670K, capacity 2821K, committed 2864K, reserved 1048576K
Event: 0.864 GC heap after
Heap after GC invocations=5 (full 0):
 PSYoungGen      total 71680K, used 5105K [0x00000000d5b00000, 0x00000000dee00000, 0x0000000100000000)
  eden space 66560K, 0% used [0x00000000d5b00000,0x00000000d5b00000,0x00000000d9c00000)
  from space 5120K, 99% used [0x00000000d9c00000,0x00000000da0fc560,0x00000000da100000)
  to   space 8704K, 0% used [0x00000000de580000,0x00000000de580000,0x00000000dee00000)
 ParOldGen       total 87552K, used 7198K [0x0000000081000000, 0x0000000086580000, 0x00000000d5b00000)
  object space 87552K, 8% used [0x0000000081000000,0x0000000081707888,0x0000000086580000)
 Metaspace       used 20692K, capacity 21214K, committed 21296K, reserved 1067008K
  class space    used 2670K, capacity 2821K, committed 2864K, reserved 1048576K
}
Event: 0.864 GC heap before
{Heap before GC invocations=6 (full 1):
 PSYoungGen      total 71680K, used 5105K [0x00000000d5b00000, 0x00000000dee00000, 0x0000000100000000)
  eden space 66560K, 0% used [0x00000000d5b00000,0x00000000d5b00000,0x00000000d9c00000)
  from space 5120K, 99% used [0x00000000d9c00000,0x00000000da0fc560,0x00000000da100000)
  to   space 8704K, 0% used [0x00000000de580000,0x00000000de580000,0x00000000dee00000)
 ParOldGen       total 87552K, used 7198K [0x0000000081000000, 0x0000000086580000, 0x00000000d5b00000)
  object space 87552K, 8% used [0x0000000081000000,0x0000000081707888,0x0000000086580000)
 Metaspace       used 20692K, capacity 21214K, committed 21296K, reserved 1067008K
  class space    used 2670K, capacity 2821K, committed 2864K, reserved 1048576K

