# JRE version: Java(TM) SE Runtime Environment (8.0_221-b11) (build 1.8.0_221-b11)
# Java VM: Java HotSpot(TM) 64-Bit Server VM (25.221-b11 mixed mode windows-amd64 compressed oops)
Heap:
 PSYoungGen      total 71680K, used 59437K [0x00000000d5b00000, 0x00000000da600000, 0x0000000100000000)
  eden space 66560K, 82% used [0x00000000d5b00000,0x00000000d9089118,0x00000000d9c00000)
  from space 5120K, 90% used [0x00000000d9c00000,0x00000000da082660,0x00000000da100000)
  to   space 5120K, 0% used [0x00000000da100000,0x00000000da100000,0x00000000da600000)
 ParOldGen       total 54784K, used 5839K [0x0000000081000000, 0x0000000084580000, 0x00000000d5b00000)
  object space 54784K, 10% used [0x0000000081000000,0x00000000815b3ce0,0x0000000084580000)
 Metaspace       used 28158K, capacity 29206K, committed 29488K, reserved 1075200K
  class space    used 3625K, capacity 3881K, committed 3888K, reserved 1048576K
GC Heap History (10 events):
Event: 0.610 GC heap before
{Heap before GC invocations=2 (full 0):
 PSYoungGen      total 38400K, used 38384K [0x00000000d5b00000, 0x00000000d8580000, 0x0000000100000000)
  eden space 33280K, 100% used [0x00000000d5b00000,0x00000000d7b80000,0x00000000d7b80000)
  from space 5120K, 99% used [0x00000000d7b80000,0x00000000d807c330,0x00000000d8080000)
  to   space 5120K, 0% used [0x00000000d8080000,0x00000000d8080000,0x00000000d8580000)
 ParOldGen       total 87552K, used 635K [0x0000000081000000, 0x0000000086580000, 0x00000000d5b00000)
  object space 87552K, 0% used [0x0000000081000000,0x000000008109ef68,0x0000000086580000)
 Metaspace       used 14339K, capacity 14816K, committed 15104K, reserved 1062912K
  class space    used 1885K, capacity 2038K, committed 2048K, reserved 1048576K
Event: 0.615 GC heap after
Heap after GC invocations=2 (full 0):
 PSYoungGen      total 38400K, used 5088K [0x00000000d5b00000, 0x00000000da600000, 0x0000000100000000)
  eden space 33280K, 0% used [0x00000000d5b00000,0x00000000d5b00000,0x00000000d7b80000)
  from space 5120K, 99% used [0x00000000d8080000,0x00000000d8578228,0x00000000d8580000)
  to   space 5120K, 0% used [0x00000000d7b80000,0x00000000d7b80000,0x00000000d8080000)
 ParOldGen       total 87552K, used 1968K [0x0000000081000000, 0x0000000086580000, 0x00000000d5b00000)
  object space 87552K, 2% used [0x0000000081000000,0x00000000811ec240,0x0000000086580000)
 Metaspace       used 14339K, capacity 14816K, committed 15104K, reserved 1062912K
  class space    used 1885K, capacity 2038K, committed 2048K, reserved 1048576K
}
Event: 0.754 GC heap before
{Heap before GC invocations=3 (full 0):
 PSYoungGen      total 38400K, used 38368K [0x00000000d5b00000, 0x00000000da600000, 0x0000000100000000)
  eden space 33280K, 100% used [0x00000000d5b00000,0x00000000d7b80000,0x00000000d7b80000)
  from space 5120K, 99% used [0x00000000d8080000,0x00000000d8578228,0x00000000d8580000)
  to   space 5120K, 0% used [0x00000000d7b80000,0x00000000d7b80000,0x00000000d8080000)
 ParOldGen       total 87552K, used 1968K [0x0000000081000000, 0x0000000086580000, 0x00000000d5b00000)
  object space 87552K, 2% used [0x0000000081000000,0x00000000811ec240,0x0000000086580000)
 Metaspace       used 19637K, capacity 20204K, committed 20352K, reserved 1067008K
  class space    used 2519K, capacity 2656K, committed 2688K, reserved 1048576K
Event: 0.759 GC heap after
Heap after GC invocations=3 (full 0):
 PSYoungGen      total 38400K, used 5092K [0x00000000d5b00000, 0x00000000da600000, 0x0000000100000000)
  eden space 33280K, 0% used [0x00000000d5b00000,0x00000000d5b00000,0x00000000d7b80000)
  from space 5120K, 99% used [0x00000000d7b80000,0x00000000d8079268,0x00000000d8080000)
  to   space 5120K, 0% used [0x00000000da100000,0x00000000da100000,0x00000000da600000)
 ParOldGen       total 87552K, used 5681K [0x0000000081000000, 0x0000000086580000, 0x00000000d5b00000)
  object space 87552K, 6% used [0x0000000081000000,0x000000008158c698,0x0000000086580000)
 Metaspace       used 19637K, capacity 20204K, committed 20352K, reserved 1067008K
  class space    used 2519K, capacity 2656K, committed 2688K, reserved 1048576K
}
Event: 0.806 GC heap before
{Heap before GC invocations=4 (full 0):
 PSYoungGen      total 38400K, used 16805K [0x00000000d5b00000, 0x00000000da600000, 0x0000000100000000)
  eden space 33280K, 35% used [0x00000000d5b00000,0x00000000d6670260,0x00000000d7b80000)
  from space 5120K, 99% used [0x00000000d7b80000,0x00000000d8079268,0x00000000d8080000)
  to   space 5120K, 0% used [0x00000000da100000,0x00000000da100000,0x00000000da600000)
 ParOldGen       total 87552K, used 5681K [0x0000000081000000, 0x0000000086580000, 0x00000000d5b00000)
  object space 87552K, 6% used [0x0000000081000000,0x000000008158c698,0x0000000086580000)
 Metaspace       used 20672K, capacity 21202K, committed 21296K, reserved 1067008K
  class space    used 2657K, capacity 2817K, committed 2864K, reserved 1048576K
Event: 0.811 GC heap after
Heap after GC invocations=4 (full 0):
 PSYoungGen      total 71680K, used 5088K [0x00000000d5b00000, 0x00000000da600000, 0x0000000100000000)
  eden space 66560K, 0% used [0x00000000d5b00000,0x00000000d5b00000,0x00000000d9c00000)
  from space 5120K, 99% used [0x00000000da100000,0x00000000da5f8020,0x00000000da600000)
  to   space 5120K, 0% used [0x00000000d9c00000,0x00000000d9c00000,0x00000000da100000)
 ParOldGen       total 87552K, used 6546K [0x0000000081000000, 0x0000000086580000, 0x00000000d5b00000)
  object space 87552K, 7% used [0x0000000081000000,0x0000000081664998,0x0000000086580000)
 Metaspace       used 20672K, capacity 21202K, committed 21296K, reserved 1067008K
  class space    used 2657K, capacity 2817K, committed 2864K, reserved 1048576K
}
Event: 0.811 GC heap before
{Heap before GC invocations=5 (full 1):
 PSYoungGen      total 71680K, used 5088K [0x00000000d5b00000, 0x00000000da600000, 0x0000000100000000)
  eden space 66560K, 0% used [0x00000000d5b00000,0x00000000d5b00000,0x00000000d9c00000)
  from space 5120K, 99% used [0x00000000da100000,0x00000000da5f8020,0x00000000da600000)
  to   space 5120K, 0% used [0x00000000d9c00000,0x00000000d9c00000,0x00000000da100000)
 ParOldGen       total 87552K, used 6546K [0x0000000081000000, 0x0000000086580000, 0x00000000d5b00000)
  object space 87552K, 7% used [0x0000000081000000,0x0000000081664998,0x0000000086580000)
 Metaspace       used 20672K, capacity 21202K, committed 21296K, reserved 1067008K
  class space    used 2657K, capacity 2817K, committed 2864K, reserved 1048576K
Event: 0.828 GC heap after
Heap after GC invocations=5 (full 1):
 PSYoungGen      total 71680K, used 0K [0x00000000d5b00000, 0x00000000da600000, 0x0000000100000000)
  eden space 66560K, 0% used [0x00000000d5b00000,0x00000000d5b00000,0x00000000d9c00000)
  from space 5120K, 0% used [0x00000000da100000,0x00000000da100000,0x00000000da600000)
  to   space 5120K, 0% used [0x00000000d9c00000,0x00000000d9c00000,0x00000000da100000)
 ParOldGen       total 54784K, used 5767K [0x0000000081000000, 0x0000000084580000, 0x00000000d5b00000)
  object space 54784K, 10% used [0x0000000081000000,0x00000000815a1cd0,0x0000000084580000)
 Metaspace       used 20671K, capacity 21196K, committed 21296K, reserved 1067008K
  class space    used 2657K, capacity 2816K, committed 2864K, reserved 1048576K
}
Event: 1.016 GC heap before
{Heap before GC invocations=6 (full 1):
 PSYoungGen      total 71680K, used 66560K [0x00000000d5b00000, 0x00000000da600000, 0x0000000100000000)
  eden space 66560K, 100% used [0x00000000d5b00000,0x00000000d9c00000,0x00000000d9c00000)
  from space 5120K, 0% used [0x00000000da100000,0x00000000da100000,0x00000000da600000)
  to   space 5120K, 0% used [0x00000000d9c00000,0x00000000d9c00000,0x00000000da100000)
 ParOldGen       total 54784K, used 5767K [0x0000000081000000, 0x0000000084580000, 0x00000000d5b00000)
  object space 54784K, 10% used [0x0000000081000000,0x00000000815a1cd0,0x0000000084580000)
 Metaspace       used 23909K, capacity 24624K, committed 24880K, reserved 1071104K
  class space    used 3059K, capacity 3260K, committed 3376K, reserved 1048576K
Event: 1.020 GC heap after
Heap after GC invocations=6 (full 1):
 PSYoungGen      total 71680K, used 4617K [0x00000000d5b00000, 0x00000000da600000, 0x0000000100000000)
  eden space 66560K, 0% used [0x00000000d5b00000,0x00000000d5b00000,0x00000000d9c00000)
  from space 5120K, 90% used [0x00000000d9c00000,0x00000000da082660,0x00000000da100000)
  to   space 5120K, 0% used [0x00000000da100000,0x00000000da100000,0x00000000da600000)
 ParOldGen       total 54784K, used 5839K [0x0000000081000000, 0x0000000084580000, 0x00000000d5b00000)
  object space 54784K, 10% used [0x0000000081000000,0x00000000815b3ce0,0x0000000084580000)
 Metaspace       used 23909K, capacity 24624K, committed 24880K, reserved 1071104K
  class space    used 3059K, capacity 3260K, committed 3376K, reserved 1048576K
}

