# JRE version: Java(TM) SE Runtime Environment (8.0_221-b11) (build 1.8.0_221-b11)
# Java VM: Java HotSpot(TM) 64-Bit Server VM (25.221-b11 mixed mode windows-amd64 compressed oops)
Heap:
 PSYoungGen      total 142336K, used 94009K [0x00000000d5b00000, 0x00000000e3180000, 0x0000000100000000)
  eden space 121344K, 70% used [0x00000000d5b00000,0x00000000dae33c38,0x00000000dd180000)
  from space 20992K, 41% used [0x00000000dd180000,0x00000000dda1aaf0,0x00000000de600000)
  to   space 19968K, 0% used [0x00000000e1e00000,0x00000000e1e00000,0x00000000e3180000)
 ParOldGen       total 83456K, used 31782K [0x0000000081000000, 0x0000000086180000, 0x00000000d5b00000)
  object space 83456K, 38% used [0x0000000081000000,0x0000000082f098c0,0x0000000086180000)
 Metaspace       used 24092K, capacity 24724K, committed 24960K, reserved 1071104K
  class space    used 2689K, capacity 2840K, committed 2944K, reserved 1048576K
GC Heap History (10 events):
Event: 2.045 GC heap before
{Heap before GC invocations=6 (full 0):
 PSYoungGen      total 71680K, used 71648K [0x00000000d5b00000, 0x00000000def00000, 0x0000000100000000)
  eden space 66560K, 100% used [0x00000000d5b00000,0x00000000d9c00000,0x00000000d9c00000)
  from space 5120K, 99% used [0x00000000d9c00000,0x00000000da0f8020,0x00000000da100000)
  to   space 9216K, 0% used [0x00000000de600000,0x00000000de600000,0x00000000def00000)
 ParOldGen       total 87552K, used 8709K [0x0000000081000000, 0x0000000086580000, 0x00000000d5b00000)
  object space 87552K, 9% used [0x0000000081000000,0x00000000818816a8,0x0000000086580000)
 Metaspace       used 13461K, capacity 13792K, committed 13952K, reserved 1060864K
  class space    used 1602K, capacity 1664K, committed 1664K, reserved 1048576K
Event: 2.050 GC heap after
Heap after GC invocations=6 (full 0):
 PSYoungGen      total 141312K, used 9104K [0x00000000d5b00000, 0x00000000df100000, 0x0000000100000000)
  eden space 132096K, 0% used [0x00000000d5b00000,0x00000000d5b00000,0x00000000ddc00000)
  from space 9216K, 98% used [0x00000000de600000,0x00000000deee4030,0x00000000def00000)
  to   space 10240K, 0% used [0x00000000ddc00000,0x00000000ddc00000,0x00000000de600000)
 ParOldGen       total 87552K, used 8717K [0x0000000081000000, 0x0000000086580000, 0x00000000d5b00000)
  object space 87552K, 9% used [0x0000000081000000,0x00000000818836a8,0x0000000086580000)
 Metaspace       used 13461K, capacity 13792K, committed 13952K, reserved 1060864K
  class space    used 1602K, capacity 1664K, committed 1664K, reserved 1048576K
}
Event: 33.107 GC heap before
{Heap before GC invocations=7 (full 0):
 PSYoungGen      total 141312K, used 141200K [0x00000000d5b00000, 0x00000000df100000, 0x0000000100000000)
  eden space 132096K, 100% used [0x00000000d5b00000,0x00000000ddc00000,0x00000000ddc00000)
  from space 9216K, 98% used [0x00000000de600000,0x00000000deee4030,0x00000000def00000)
  to   space 10240K, 0% used [0x00000000ddc00000,0x00000000ddc00000,0x00000000de600000)
 ParOldGen       total 87552K, used 8717K [0x0000000081000000, 0x0000000086580000, 0x00000000d5b00000)
  object space 87552K, 9% used [0x0000000081000000,0x00000000818836a8,0x0000000086580000)
 Metaspace       used 19180K, capacity 19662K, committed 19840K, reserved 1067008K
  class space    used 2263K, capacity 2363K, committed 2432K, reserved 1048576K
Event: 33.124 GC heap after
Heap after GC invocations=7 (full 0):
 PSYoungGen      total 142336K, used 10232K [0x00000000d5b00000, 0x00000000df100000, 0x0000000100000000)
  eden space 132096K, 0% used [0x00000000d5b00000,0x00000000d5b00000,0x00000000ddc00000)
  from space 10240K, 99% used [0x00000000ddc00000,0x00000000de5fe2e8,0x00000000de600000)
  to   space 9216K, 0% used [0x00000000de600000,0x00000000de600000,0x00000000def00000)
 ParOldGen       total 87552K, used 20944K [0x0000000081000000, 0x0000000086580000, 0x00000000d5b00000)
  object space 87552K, 23% used [0x0000000081000000,0x0000000082474250,0x0000000086580000)
 Metaspace       used 19180K, capacity 19662K, committed 19840K, reserved 1067008K
  class space    used 2263K, capacity 2363K, committed 2432K, reserved 1048576K
}
Event: 35.369 GC heap before
{Heap before GC invocations=8 (full 0):
 PSYoungGen      total 142336K, used 74423K [0x00000000d5b00000, 0x00000000df100000, 0x0000000100000000)
  eden space 132096K, 48% used [0x00000000d5b00000,0x00000000d99afce0,0x00000000ddc00000)
  from space 10240K, 99% used [0x00000000ddc00000,0x00000000de5fe2e8,0x00000000de600000)
  to   space 9216K, 0% used [0x00000000de600000,0x00000000de600000,0x00000000def00000)
 ParOldGen       total 87552K, used 20944K [0x0000000081000000, 0x0000000086580000, 0x00000000d5b00000)
  object space 87552K, 23% used [0x0000000081000000,0x0000000082474250,0x0000000086580000)
 Metaspace       used 20690K, capacity 21202K, committed 21248K, reserved 1069056K
  class space    used 2397K, capacity 2535K, committed 2560K, reserved 1048576K
Event: 35.378 GC heap after
Heap after GC invocations=8 (full 0):
 PSYoungGen      total 130560K, used 9203K [0x00000000d5b00000, 0x00000000e0000000, 0x0000000100000000)
  eden space 121344K, 0% used [0x00000000d5b00000,0x00000000d5b00000,0x00000000dd180000)
  from space 9216K, 99% used [0x00000000de600000,0x00000000deefcec8,0x00000000def00000)
  to   space 20992K, 0% used [0x00000000dd180000,0x00000000dd180000,0x00000000de600000)
 ParOldGen       total 87552K, used 30784K [0x0000000081000000, 0x0000000086580000, 0x00000000d5b00000)
  object space 87552K, 35% used [0x0000000081000000,0x0000000082e101c8,0x0000000086580000)
 Metaspace       used 20690K, capacity 21202K, committed 21248K, reserved 1069056K
  class space    used 2397K, capacity 2535K, committed 2560K, reserved 1048576K
}
Event: 35.378 GC heap before
{Heap before GC invocations=9 (full 1):
 PSYoungGen      total 130560K, used 9203K [0x00000000d5b00000, 0x00000000e0000000, 0x0000000100000000)
  eden space 121344K, 0% used [0x00000000d5b00000,0x00000000d5b00000,0x00000000dd180000)
  from space 9216K, 99% used [0x00000000de600000,0x00000000deefcec8,0x00000000def00000)
  to   space 20992K, 0% used [0x00000000dd180000,0x00000000dd180000,0x00000000de600000)
 ParOldGen       total 87552K, used 30784K [0x0000000081000000, 0x0000000086580000, 0x00000000d5b00000)
  object space 87552K, 35% used [0x0000000081000000,0x0000000082e101c8,0x0000000086580000)
 Metaspace       used 20690K, capacity 21202K, committed 21248K, reserved 1069056K
  class space    used 2397K, capacity 2535K, committed 2560K, reserved 1048576K
Event: 35.453 GC heap after
Heap after GC invocations=9 (full 1):
 PSYoungGen      total 130560K, used 0K [0x00000000d5b00000, 0x00000000e0000000, 0x0000000100000000)
  eden space 121344K, 0% used [0x00000000d5b00000,0x00000000d5b00000,0x00000000dd180000)
  from space 9216K, 0% used [0x00000000de600000,0x00000000de600000,0x00000000def00000)
  to   space 20992K, 0% used [0x00000000dd180000,0x00000000dd180000,0x00000000de600000)
 ParOldGen       total 83456K, used 31774K [0x0000000081000000, 0x0000000086180000, 0x00000000d5b00000)
  object space 83456K, 38% used [0x0000000081000000,0x0000000082f078c0,0x0000000086180000)
 Metaspace       used 20690K, capacity 21202K, committed 21248K, reserved 1069056K
  class space    used 2397K, capacity 2535K, committed 2560K, reserved 1048576K
}
Event: 36.215 GC heap before
{Heap before GC invocations=10 (full 1):
 PSYoungGen      total 130560K, used 121344K [0x00000000d5b00000, 0x00000000e0000000, 0x0000000100000000)
  eden space 121344K, 100% used [0x00000000d5b00000,0x00000000dd180000,0x00000000dd180000)
  from space 9216K, 0% used [0x00000000de600000,0x00000000de600000,0x00000000def00000)
  to   space 20992K, 0% used [0x00000000dd180000,0x00000000dd180000,0x00000000de600000)
 ParOldGen       total 83456K, used 31774K [0x0000000081000000, 0x0000000086180000, 0x00000000d5b00000)
  object space 83456K, 38% used [0x0000000081000000,0x0000000082f078c0,0x0000000086180000)
 Metaspace       used 21883K, capacity 22448K, committed 22656K, reserved 1069056K
  class space    used 2501K, capacity 2643K, committed 2688K, reserved 1048576K
Event: 36.220 GC heap after
Heap after GC invocations=10 (full 1):
 PSYoungGen      total 142336K, used 8810K [0x00000000d5b00000, 0x00000000e3180000, 0x0000000100000000)
  eden space 121344K, 0% used [0x00000000d5b00000,0x00000000d5b00000,0x00000000dd180000)
  from space 20992K, 41% used [0x00000000dd180000,0x00000000dda1aaf0,0x00000000de600000)
  to   space 19968K, 0% used [0x00000000e1e00000,0x00000000e1e00000,0x00000000e3180000)
 ParOldGen       total 83456K, used 31782K [0x0000000081000000, 0x0000000086180000, 0x00000000d5b00000)
  object space 83456K, 38% used [0x0000000081000000,0x0000000082f098c0,0x0000000086180000)
 Metaspace       used 21883K, capacity 22448K, committed 22656K, reserved 1069056K
  class space    used 2501K, capacity 2643K, committed 2688K, reserved 1048576K
}

