# JRE version: Java(TM) SE Runtime Environment (8.0_221-b11) (build 1.8.0_221-b11)
# Java VM: Java HotSpot(TM) 64-Bit Server VM (25.221-b11 mixed mode windows-amd64 compressed oops)
Heap:
 PSYoungGen      total 178176K, used 33042K [0x00000000d5b00000, 0x00000000e2480000, 0x0000000100000000)
  eden space 166400K, 12% used [0x00000000d5b00000,0x00000000d6fcc0c0,0x00000000dfd80000)
  from space 11776K, 99% used [0x00000000e1900000,0x00000000e2478a88,0x00000000e2480000)
  to   space 14336K, 0% used [0x00000000e0880000,0x00000000e0880000,0x00000000e1680000)
 ParOldGen       total 64512K, used 17992K [0x0000000081000000, 0x0000000084f00000, 0x00000000d5b00000)
  object space 64512K, 27% used [0x0000000081000000,0x0000000082192128,0x0000000084f00000)
 Metaspace       used 50303K, capacity 51964K, committed 52400K, reserved 1095680K
  class space    used 6726K, capacity 7044K, committed 7088K, reserved 1048576K
GC Heap History (10 events):
Event: 10.549 GC heap before
{Heap before GC invocations=8 (full 1):
 PSYoungGen      total 70656K, used 68364K [0x00000000d5b00000, 0x00000000dab80000, 0x0000000100000000)
  eden space 64000K, 100% used [0x00000000d5b00000,0x00000000d9980000,0x00000000d9980000)
  from space 6656K, 65% used [0x00000000da500000,0x00000000da943180,0x00000000dab80000)
  to   space 9216K, 0% used [0x00000000d9980000,0x00000000d9980000,0x00000000da280000)
 ParOldGen       total 45056K, used 5417K [0x0000000081000000, 0x0000000083c00000, 0x00000000d5b00000)
  object space 45056K, 12% used [0x0000000081000000,0x000000008154a408,0x0000000083c00000)
 Metaspace       used 28939K, capacity 30050K, committed 30128K, reserved 1075200K
  class space    used 3746K, capacity 3995K, committed 4016K, reserved 1048576K
Event: 10.555 GC heap after
Heap after GC invocations=8 (full 1):
 PSYoungGen      total 73216K, used 9213K [0x00000000d5b00000, 0x00000000de700000, 0x0000000100000000)
  eden space 64000K, 0% used [0x00000000d5b00000,0x00000000d5b00000,0x00000000d9980000)
  from space 9216K, 99% used [0x00000000d9980000,0x00000000da27f4d8,0x00000000da280000)
  to   space 10752K, 0% used [0x00000000ddc80000,0x00000000ddc80000,0x00000000de700000)
 ParOldGen       total 45056K, used 5781K [0x0000000081000000, 0x0000000083c00000, 0x00000000d5b00000)
  object space 45056K, 12% used [0x0000000081000000,0x00000000815a5608,0x0000000083c00000)
 Metaspace       used 28939K, capacity 30050K, committed 30128K, reserved 1075200K
  class space    used 3746K, capacity 3995K, committed 4016K, reserved 1048576K
}
Event: 12.450 GC heap before
{Heap before GC invocations=9 (full 1):
 PSYoungGen      total 73216K, used 73164K [0x00000000d5b00000, 0x00000000de700000, 0x0000000100000000)
  eden space 64000K, 99% used [0x00000000d5b00000,0x00000000d9973d48,0x00000000d9980000)
  from space 9216K, 99% used [0x00000000d9980000,0x00000000da27f4d8,0x00000000da280000)
  to   space 10752K, 0% used [0x00000000ddc80000,0x00000000ddc80000,0x00000000de700000)
 ParOldGen       total 45056K, used 5781K [0x0000000081000000, 0x0000000083c00000, 0x00000000d5b00000)
  object space 45056K, 12% used [0x0000000081000000,0x00000000815a5608,0x0000000083c00000)
 Metaspace       used 32554K, capacity 34116K, committed 34224K, reserved 1079296K
  class space    used 4197K, capacity 4504K, committed 4528K, reserved 1048576K
Event: 12.456 GC heap after
Heap after GC invocations=9 (full 1):
 PSYoungGen      total 131072K, used 10308K [0x00000000d5b00000, 0x00000000de780000, 0x0000000100000000)
  eden space 120320K, 0% used [0x00000000d5b00000,0x00000000d5b00000,0x00000000dd080000)
  from space 10752K, 95% used [0x00000000ddc80000,0x00000000de691338,0x00000000de700000)
  to   space 11776K, 0% used [0x00000000dd080000,0x00000000dd080000,0x00000000ddc00000)
 ParOldGen       total 45056K, used 5789K [0x0000000081000000, 0x0000000083c00000, 0x00000000d5b00000)
  object space 45056K, 12% used [0x0000000081000000,0x00000000815a7608,0x0000000083c00000)
 Metaspace       used 32554K, capacity 34116K, committed 34224K, reserved 1079296K
  class space    used 4197K, capacity 4504K, committed 4528K, reserved 1048576K
}
Event: 13.096 GC heap before
{Heap before GC invocations=10 (full 1):
 PSYoungGen      total 131072K, used 27699K [0x00000000d5b00000, 0x00000000de780000, 0x0000000100000000)
  eden space 120320K, 14% used [0x00000000d5b00000,0x00000000d6bfbcb0,0x00000000dd080000)
  from space 10752K, 95% used [0x00000000ddc80000,0x00000000de691338,0x00000000de700000)
  to   space 11776K, 0% used [0x00000000dd080000,0x00000000dd080000,0x00000000ddc00000)
 ParOldGen       total 45056K, used 5789K [0x0000000081000000, 0x0000000083c00000, 0x00000000d5b00000)
  object space 45056K, 12% used [0x0000000081000000,0x00000000815a7608,0x0000000083c00000)
 Metaspace       used 33871K, capacity 35388K, committed 35496K, reserved 1081344K
  class space    used 4349K, capacity 4648K, committed 4656K, reserved 1048576K
Event: 13.102 GC heap after
Heap after GC invocations=10 (full 1):
 PSYoungGen      total 132096K, used 7747K [0x00000000d5b00000, 0x00000000e2480000, 0x0000000100000000)
  eden space 120320K, 0% used [0x00000000d5b00000,0x00000000d5b00000,0x00000000dd080000)
  from space 11776K, 65% used [0x00000000dd080000,0x00000000dd810f10,0x00000000ddc00000)
  to   space 11776K, 0% used [0x00000000e1900000,0x00000000e1900000,0x00000000e2480000)
 ParOldGen       total 45056K, used 8125K [0x0000000081000000, 0x0000000083c00000, 0x00000000d5b00000)
  object space 45056K, 18% used [0x0000000081000000,0x00000000817ef628,0x0000000083c00000)
 Metaspace       used 33871K, capacity 35388K, committed 35496K, reserved 1081344K
  class space    used 4349K, capacity 4648K, committed 4656K, reserved 1048576K
}
Event: 13.102 GC heap before
{Heap before GC invocations=11 (full 2):
 PSYoungGen      total 132096K, used 7747K [0x00000000d5b00000, 0x00000000e2480000, 0x0000000100000000)
  eden space 120320K, 0% used [0x00000000d5b00000,0x00000000d5b00000,0x00000000dd080000)
  from space 11776K, 65% used [0x00000000dd080000,0x00000000dd810f10,0x00000000ddc00000)
  to   space 11776K, 0% used [0x00000000e1900000,0x00000000e1900000,0x00000000e2480000)
 ParOldGen       total 45056K, used 8125K [0x0000000081000000, 0x0000000083c00000, 0x00000000d5b00000)
  object space 45056K, 18% used [0x0000000081000000,0x00000000817ef628,0x0000000083c00000)
 Metaspace       used 33871K, capacity 35388K, committed 35496K, reserved 1081344K
  class space    used 4349K, capacity 4648K, committed 4656K, reserved 1048576K
Event: 13.174 GC heap after
Heap after GC invocations=11 (full 2):
 PSYoungGen      total 132096K, used 0K [0x00000000d5b00000, 0x00000000e2480000, 0x0000000100000000)
  eden space 120320K, 0% used [0x00000000d5b00000,0x00000000d5b00000,0x00000000dd080000)
  from space 11776K, 0% used [0x00000000dd080000,0x00000000dd080000,0x00000000ddc00000)
  to   space 11776K, 0% used [0x00000000e1900000,0x00000000e1900000,0x00000000e2480000)
 ParOldGen       total 64512K, used 14539K [0x0000000081000000, 0x0000000084f00000, 0x00000000d5b00000)
  object space 64512K, 22% used [0x0000000081000000,0x0000000081e32e80,0x0000000084f00000)
 Metaspace       used 33871K, capacity 35388K, committed 35496K, reserved 1081344K
  class space    used 4349K, capacity 4648K, committed 4656K, reserved 1048576K
}
Event: 24.621 GC heap before
{Heap before GC invocations=12 (full 2):
 PSYoungGen      total 132096K, used 120320K [0x00000000d5b00000, 0x00000000e2480000, 0x0000000100000000)
  eden space 120320K, 100% used [0x00000000d5b00000,0x00000000dd080000,0x00000000dd080000)
  from space 11776K, 0% used [0x00000000dd080000,0x00000000dd080000,0x00000000ddc00000)
  to   space 11776K, 0% used [0x00000000e1900000,0x00000000e1900000,0x00000000e2480000)
 ParOldGen       total 64512K, used 14539K [0x0000000081000000, 0x0000000084f00000, 0x00000000d5b00000)
  object space 64512K, 22% used [0x0000000081000000,0x0000000081e32e80,0x0000000084f00000)
 Metaspace       used 48778K, capacity 50484K, committed 50992K, reserved 1093632K
  class space    used 6509K, capacity 6840K, committed 6960K, reserved 1048576K
Event: 24.632 GC heap after
Heap after GC invocations=12 (full 2):
 PSYoungGen      total 178176K, used 11746K [0x00000000d5b00000, 0x00000000e2480000, 0x0000000100000000)
  eden space 166400K, 0% used [0x00000000d5b00000,0x00000000d5b00000,0x00000000dfd80000)
  from space 11776K, 99% used [0x00000000e1900000,0x00000000e2478a88,0x00000000e2480000)
  to   space 14336K, 0% used [0x00000000e0880000,0x00000000e0880000,0x00000000e1680000)
 ParOldGen       total 64512K, used 17992K [0x0000000081000000, 0x0000000084f00000, 0x00000000d5b00000)
  object space 64512K, 27% used [0x0000000081000000,0x0000000082192128,0x0000000084f00000)
 Metaspace       used 48778K, capacity 50484K, committed 50992K, reserved 1093632K
  class space    used 6509K, capacity 6840K, committed 6960K, reserved 1048576K
}

