# JRE version: Java(TM) SE Runtime Environment (8.0_221-b11) (build 1.8.0_221-b11)
# Java VM: Java HotSpot(TM) 64-Bit Server VM (25.221-b11 mixed mode windows-amd64 compressed oops)
Heap:
 PSYoungGen      total 142336K, used 119919K [0x00000000d5b00000, 0x00000000df100000, 0x0000000100000000)
  eden space 132608K, 90% used [0x00000000d5b00000,0x00000000dd01bd98,0x00000000ddc80000)
  from space 9728K, 0% used [0x00000000de680000,0x00000000de680000,0x00000000df000000)
  to   space 10240K, 0% used [0x00000000ddc80000,0x00000000ddc80000,0x00000000de680000)
 ParOldGen       total 87552K, used 13642K [0x0000000081000000, 0x0000000086580000, 0x00000000d5b00000)
  object space 87552K, 15% used [0x0000000081000000,0x0000000081d52878,0x0000000086580000)
 Metaspace       used 18637K, capacity 19150K, committed 19328K, reserved 1067008K
  class space    used 2234K, capacity 2363K, committed 2432K, reserved 1048576K
GC Heap History (10 events):
Event: 0.937 GC heap before
{Heap before GC invocations=3 (full 0):
 PSYoungGen      total 38400K, used 38397K [0x00000000d5b00000, 0x00000000da600000, 0x0000000100000000)
  eden space 33280K, 100% used [0x00000000d5b00000,0x00000000d7b80000,0x00000000d7b80000)
  from space 5120K, 99% used [0x00000000d8080000,0x00000000d857f6d8,0x00000000d8580000)
  to   space 5120K, 0% used [0x00000000d7b80000,0x00000000d7b80000,0x00000000d8080000)
 ParOldGen       total 87552K, used 2565K [0x0000000081000000, 0x0000000086580000, 0x00000000d5b00000)
  object space 87552K, 2% used [0x0000000081000000,0x0000000081281458,0x0000000086580000)
 Metaspace       used 12453K, capacity 12758K, committed 12928K, reserved 1060864K
  class space    used 1508K, capacity 1582K, committed 1664K, reserved 1048576K
Event: 0.940 GC heap after
Heap after GC invocations=3 (full 0):
 PSYoungGen      total 38400K, used 5088K [0x00000000d5b00000, 0x00000000da600000, 0x0000000100000000)
  eden space 33280K, 0% used [0x00000000d5b00000,0x00000000d5b00000,0x00000000d7b80000)
  from space 5120K, 99% used [0x00000000d7b80000,0x00000000d8078040,0x00000000d8080000)
  to   space 5120K, 0% used [0x00000000da100000,0x00000000da100000,0x00000000da600000)
 ParOldGen       total 87552K, used 3251K [0x0000000081000000, 0x0000000086580000, 0x00000000d5b00000)
  object space 87552K, 3% used [0x0000000081000000,0x000000008132cc20,0x0000000086580000)
 Metaspace       used 12453K, capacity 12758K, committed 12928K, reserved 1060864K
  class space    used 1508K, capacity 1582K, committed 1664K, reserved 1048576K
}
Event: 1.032 GC heap before
{Heap before GC invocations=4 (full 0):
 PSYoungGen      total 38400K, used 38368K [0x00000000d5b00000, 0x00000000da600000, 0x0000000100000000)
  eden space 33280K, 100% used [0x00000000d5b00000,0x00000000d7b80000,0x00000000d7b80000)
  from space 5120K, 99% used [0x00000000d7b80000,0x00000000d8078040,0x00000000d8080000)
  to   space 5120K, 0% used [0x00000000da100000,0x00000000da100000,0x00000000da600000)
 ParOldGen       total 87552K, used 3251K [0x0000000081000000, 0x0000000086580000, 0x00000000d5b00000)
  object space 87552K, 3% used [0x0000000081000000,0x000000008132cc20,0x0000000086580000)
 Metaspace       used 12631K, capacity 12982K, committed 13184K, reserved 1060864K
  class space    used 1528K, capacity 1614K, committed 1664K, reserved 1048576K
Event: 1.035 GC heap after
Heap after GC invocations=4 (full 0):
 PSYoungGen      total 71680K, used 5104K [0x00000000d5b00000, 0x00000000da600000, 0x0000000100000000)
  eden space 66560K, 0% used [0x00000000d5b00000,0x00000000d5b00000,0x00000000d9c00000)
  from space 5120K, 99% used [0x00000000da100000,0x00000000da5fc030,0x00000000da600000)
  to   space 5120K, 0% used [0x00000000d9c00000,0x00000000d9c00000,0x00000000da100000)
 ParOldGen       total 87552K, used 5565K [0x0000000081000000, 0x0000000086580000, 0x00000000d5b00000)
  object space 87552K, 6% used [0x0000000081000000,0x000000008156f5e8,0x0000000086580000)
 Metaspace       used 12631K, capacity 12982K, committed 13184K, reserved 1060864K
  class space    used 1528K, capacity 1614K, committed 1664K, reserved 1048576K
}
Event: 1.261 GC heap before
{Heap before GC invocations=5 (full 0):
 PSYoungGen      total 71680K, used 71664K [0x00000000d5b00000, 0x00000000da600000, 0x0000000100000000)
  eden space 66560K, 100% used [0x00000000d5b00000,0x00000000d9c00000,0x00000000d9c00000)
  from space 5120K, 99% used [0x00000000da100000,0x00000000da5fc030,0x00000000da600000)
  to   space 5120K, 0% used [0x00000000d9c00000,0x00000000d9c00000,0x00000000da100000)
 ParOldGen       total 87552K, used 5565K [0x0000000081000000, 0x0000000086580000, 0x00000000d5b00000)
  object space 87552K, 6% used [0x0000000081000000,0x000000008156f5e8,0x0000000086580000)
 Metaspace       used 12780K, capacity 13084K, committed 13184K, reserved 1060864K
  class space    used 1534K, capacity 1622K, committed 1664K, reserved 1048576K
Event: 1.267 GC heap after
Heap after GC invocations=5 (full 0):
 PSYoungGen      total 71680K, used 5088K [0x00000000d5b00000, 0x00000000df000000, 0x0000000100000000)
  eden space 66560K, 0% used [0x00000000d5b00000,0x00000000d5b00000,0x00000000d9c00000)
  from space 5120K, 99% used [0x00000000d9c00000,0x00000000da0f8020,0x00000000da100000)
  to   space 9728K, 0% used [0x00000000de680000,0x00000000de680000,0x00000000df000000)
 ParOldGen       total 87552K, used 8823K [0x0000000081000000, 0x0000000086580000, 0x00000000d5b00000)
  object space 87552K, 10% used [0x0000000081000000,0x000000008189dc98,0x0000000086580000)
 Metaspace       used 12780K, capacity 13084K, committed 13184K, reserved 1060864K
  class space    used 1534K, capacity 1622K, committed 1664K, reserved 1048576K
}
Event: 2.656 GC heap before
{Heap before GC invocations=6 (full 0):
 PSYoungGen      total 71680K, used 69299K [0x00000000d5b00000, 0x00000000df000000, 0x0000000100000000)
  eden space 66560K, 96% used [0x00000000d5b00000,0x00000000d99b4c68,0x00000000d9c00000)
  from space 5120K, 99% used [0x00000000d9c00000,0x00000000da0f8020,0x00000000da100000)
  to   space 9728K, 0% used [0x00000000de680000,0x00000000de680000,0x00000000df000000)
 ParOldGen       total 87552K, used 8823K [0x0000000081000000, 0x0000000086580000, 0x00000000d5b00000)
  object space 87552K, 10% used [0x0000000081000000,0x000000008189dc98,0x0000000086580000)
 Metaspace       used 13790K, capacity 14188K, committed 14336K, reserved 1062912K
  class space    used 1642K, capacity 1730K, committed 1792K, reserved 1048576K
Event: 2.661 GC heap after
Heap after GC invocations=6 (full 0):
 PSYoungGen      total 142336K, used 8923K [0x00000000d5b00000, 0x00000000df100000, 0x0000000100000000)
  eden space 132608K, 0% used [0x00000000d5b00000,0x00000000d5b00000,0x00000000ddc80000)
  from space 9728K, 91% used [0x00000000de680000,0x00000000def36f68,0x00000000df000000)
  to   space 10240K, 0% used [0x00000000ddc80000,0x00000000ddc80000,0x00000000de680000)
 ParOldGen       total 87552K, used 8831K [0x0000000081000000, 0x0000000086580000, 0x00000000d5b00000)
  object space 87552K, 10% used [0x0000000081000000,0x000000008189fc98,0x0000000086580000)
 Metaspace       used 13790K, capacity 14188K, committed 14336K, reserved 1062912K
  class space    used 1642K, capacity 1730K, committed 1792K, reserved 1048576K
}
Event: 2.661 GC heap before
{Heap before GC invocations=7 (full 1):
 PSYoungGen      total 142336K, used 8923K [0x00000000d5b00000, 0x00000000df100000, 0x0000000100000000)
  eden space 132608K, 0% used [0x00000000d5b00000,0x00000000d5b00000,0x00000000ddc80000)
  from space 9728K, 91% used [0x00000000de680000,0x00000000def36f68,0x00000000df000000)
  to   space 10240K, 0% used [0x00000000ddc80000,0x00000000ddc80000,0x00000000de680000)
 ParOldGen       total 87552K, used 8831K [0x0000000081000000, 0x0000000086580000, 0x00000000d5b00000)
  object space 87552K, 10% used [0x0000000081000000,0x000000008189fc98,0x0000000086580000)
 Metaspace       used 13790K, capacity 14188K, committed 14336K, reserved 1062912K
  class space    used 1642K, capacity 1730K, committed 1792K, reserved 1048576K
Event: 2.699 GC heap after
Heap after GC invocations=7 (full 1):
 PSYoungGen      total 142336K, used 0K [0x00000000d5b00000, 0x00000000df100000, 0x0000000100000000)
  eden space 132608K, 0% used [0x00000000d5b00000,0x00000000d5b00000,0x00000000ddc80000)
  from space 9728K, 0% used [0x00000000de680000,0x00000000de680000,0x00000000df000000)
  to   space 10240K, 0% used [0x00000000ddc80000,0x00000000ddc80000,0x00000000de680000)
 ParOldGen       total 87552K, used 13642K [0x0000000081000000, 0x0000000086580000, 0x00000000d5b00000)
  object space 87552K, 15% used [0x0000000081000000,0x0000000081d52878,0x0000000086580000)
 Metaspace       used 13790K, capacity 14188K, committed 14336K, reserved 1062912K
  class space    used 1642K, capacity 1730K, committed 1792K, reserved 1048576K
}

